<?xml version="1.0" encoding="UTF-8"?>
<testsuite xmlns:xsi="http://www.w3.org/2001/XMLSchema-instance" xsi:noNamespaceSchemaLocation="https://maven.apache.org/surefire/maven-surefire-plugin/xsd/surefire-test-report.xsd" name="CreateCourierTest" time="68.335" tests="5" errors="0" skipped="0" failures="0">
  <properties>
[...]
</properties>
  <testcase name="getErrorWhenRegisterNewCourierWithoutPasswordTest" classname="CreateCourierTest" time="60.952"/>
  <testcase name="createNewCourierTest" classname="CreateCourierTest" time="1.436"/>
  <testcase name="getErrorWhenTwoEqualCouriersCreatedTest" classname="CreateCourierTest" time="2.33"/>
  <testcase name="newCourierCreateWithOnlyNecessaryFieldsTest" classname="CreateCourierTest" time="1.341"/>
  <testcase name="shouldGetErrorWhenTwoCouriersWithEqualLoginsAreCreated" classname="CreateCourierTest" time="2.233"/>
</testsuite>